<?xml version="1.0" encoding="UTF-8"?>
<!-- Generated by org.testng.reporters.JUnitXMLReporter -->
<testsuite hostname="LAPTOP-BF6O2SVC" ignored="0" name="TACXSmokeAutomation" tests="9" failures="0" timestamp="2020-02-27T20:27:04 CET" time="518.541" errors="0">
  <testcase name="LoginValidation" time="14.017" classname="tests.SmokeValidRegisteredTest"/>
  <testcase name="HomePageValidation" time="6.707" classname="tests.SmokeValidRegisteredTest"/>
  <testcase name="NewRideValidation" time="3.63" classname="tests.SmokeValidRegisteredTest"/>
  <testcase name="LocationSearchValidation" time="4.696" classname="tests.SmokeValidRegisteredTest"/>
  <testcase name="NewTripValidation" time="19.19" classname="tests.SmokeValidRegisteredTest"/>
  <testcase name="DemoTripValidation" time="12.293" classname="tests.SmokeValidRegisteredTest"/>
  <testcase name="TacxFeatureValidation" time="301.733" classname="tests.SmokeValidRegisteredTest"/>
  <testcase name="RideStopvalidation" time="91.371" classname="tests.SmokeValidRegisteredTest"/>
  <testcase name="TacxLogoutFeatureTest" time="15.385" classname="tests.SmokeValidRegisteredTest"/>
</testsuite> <!-- TACXSmokeAutomation -->
