<?xml version="1.0" encoding="UTF-8"?>
<!-- Generated by org.testng.reporters.JUnitXMLReporter -->
<testsuite hostname="LAPTOP-BF6O2SVC" ignored="0" name="TACXAutomation" tests="9" failures="2" timestamp="2020-02-27T19:12:27 CET" time="415.915" errors="0">
  <testcase name="LoginValidation" time="14.22" classname="tests.SmokeValidRegisteredTest"/>
  <testcase name="HomePageValidation" time="8.696" classname="tests.SmokeValidRegisteredTest"/>
  <testcase name="NewRideValidation" time="3.702" classname="tests.SmokeValidRegisteredTest"/>
  <testcase name="LocationSearchValidation" time="3.799" classname="tests.SmokeValidRegisteredTest"/>
  <testcase name="NewTripValidation" time="14.134" classname="tests.SmokeValidRegisteredTest"/>
  <testcase name="DemoTripValidation" time="12.197" classname="tests.SmokeValidRegisteredTest"/>
  <testcase name="TacxFeatureValidation" time="267.588" classname="tests.SmokeValidRegisteredTest"/>
  <testcase name="RideStopvalidation" time="44.001" classname="tests.SmokeValidRegisteredTest">
    <failure type="java.lang.AssertionError" message="null">
      <![CDATA[java.lang.AssertionError: null
at tests.SmokeValidRegisteredTest.RideStopvalidation(SmokeValidRegisteredTest.java:256)
at java.util.ArrayList.forEach(ArrayList.java:1257)
... Removed 29 stack frames]]>
    </failure>
  </testcase> <!-- RideStopvalidation -->
  <testcase name="RideStopvalidation" time="44.011" classname="tests.SmokeValidRegisteredTest">
    <failure type="java.lang.NullPointerException">
      <![CDATA[java.lang.NullPointerException
at extentlisteners.ExtentManager.captureScreenshot(ExtentManager.java:53)
at extentlisteners.ExtentListeners.onTestFailure(ExtentListeners.java:63)
at java.util.ArrayList.forEach(ArrayList.java:1257)
... Removed 24 stack frames]]>
    </failure>
  </testcase> <!-- RideStopvalidation -->
</testsuite> <!-- TACXAutomation -->
