<?xml version="1.0" encoding="UTF-8"?>
<!-- Generated by org.testng.reporters.JUnitXMLReporter -->
<testsuite hostname="LAPTOP-BF6O2SVC" ignored="0" name="TACXRegisterationTest" tests="2" failures="0" timestamp="2020-02-27T20:28:33 CET" time="88.188" errors="0">
  <testcase name="CreateAccountTest" time="20.881" classname="tests.RegisterationValidationTest"/>
  <testcase name="NewUserValidation" time="12.81" classname="tests.RegisterationValidationTest"/>
</testsuite> <!-- TACXRegisterationTest -->
