<?xml version="1.0" encoding="UTF-8"?>
<!-- Generated by org.testng.reporters.JUnitReportReporter -->
<testsuite skipped="0" hostname="LAPTOP-BF6O2SVC" name="tests.RegisterationValidationTest" tests="2" failures="0" timestamp="2020-02-27T20:28:33 CET" time="33.691" errors="0">
  <testcase name="CreateAccountTest" time="20.881" classname="tests.RegisterationValidationTest"/>
  <system-out>
Creating new User Account Test Tacx logo is displayed :true User has entered Name User has entered EmailAddress User has entered Password User Opted for Registeration Legal T&C Message is:We take your privacy seriously. Our privacy policy is available for your review Terms & conditon ,Legal box accepted Terms & conditon ,Legal box accepted Proceed button is selected   </system-out>
  <testcase name="NewUserValidation" time="12.810" classname="tests.RegisterationValidationTest"/>
  <system-out>
New User homepage validation test User Skipped the tacx tutorial screen User loggedIn displayed with Tacx logo :true New Ride tab is Displayed on Home Screen  </system-out>
</testsuite> <!-- tests.RegisterationValidationTest -->
